<?xml version="1.0" encoding="UTF-8"?>
<!-- Generated by org.testng.reporters.JUnitReportReporter -->
<testsuite hostname="DESKTOP-2K98EE4" failures="0" tests="4" name="com.denovo.testcases.LoginPageTest" time="0.222" errors="0" timestamp="2021-03-30T16:46:29 IST" skipped="0">
  <testcase classname="com.denovo.testcases.LoginPageTest" name="loginpageTitle" time="0.070"/>
  <system-out/>
  <testcase classname="com.denovo.testcases.LoginPageTest" name="denovologo" time="0.053"/>
  <system-out/>
  <testcase classname="com.denovo.testcases.LoginPageTest" name="Rememberme" time="0.048"/>
  <system-out/>
  <testcase classname="com.denovo.testcases.LoginPageTest" name="loginbtn" time="0.051"/>
  <system-out/>
</testsuite> <!-- com.denovo.testcases.LoginPageTest -->
